Content-Type: text/plain; charset="utf-8"
MIME-Version: 1.0
Content-Transfer-Encoding: 8bit
Subject: 
 =?utf-8?b?0KHQsdGA0L7RgSDQv9Cw0YDQvtC70Y8g0L3QsCAxMjcuMC4wLjE6ODAwMA==?=
From: webmaster@localhost
To: mashedo.v.n@gmail.com
Date: Wed, 18 Nov 2020 18:55:16 -0000
Message-ID: <160572571618.9196.15596264557354160816@VTB-NB2.vtb.local>


Вы получили это письмо, потому что вы (или кто-то другой) запросили восстановление пароля от учётной записи на сайте 127.0.0.1:8000, которая связана с этим адресом электронной почты.

Пожалуйста, перейдите на эту страницу и введите новый пароль:

http://127.0.0.1:8000/auth/reset/Mw/5lp-48d5156d11ac89610640/

Ваше имя пользователя (на случай, если вы его забыли): admin

Спасибо, что используете наш сайт!

Команда сайта 127.0.0.1:8000



-------------------------------------------------------------------------------
Content-Type: text/plain; charset="utf-8"
MIME-Version: 1.0
Content-Transfer-Encoding: 8bit
Subject: 
 =?utf-8?b?0KHQsdGA0L7RgSDQv9Cw0YDQvtC70Y8g0L3QsCAxMjcuMC4wLjE6ODAwMA==?=
From: webmaster@localhost
To: mashedo.v.n@gmail.com
Date: Wed, 18 Nov 2020 18:55:16 -0000
Message-ID: <160572571619.9196.11181160286335277491@VTB-NB2.vtb.local>


Вы получили это письмо, потому что вы (или кто-то другой) запросили восстановление пароля от учётной записи на сайте 127.0.0.1:8000, которая связана с этим адресом электронной почты.

Пожалуйста, перейдите на эту страницу и введите новый пароль:

http://127.0.0.1:8000/auth/reset/Nw/5lp-d563eb8b4eeb8948e2cb/

Ваше имя пользователя (на случай, если вы его забыли): test_user3

Спасибо, что используете наш сайт!

Команда сайта 127.0.0.1:8000



-------------------------------------------------------------------------------
